Start testing: Mar 31 14:57 CEST
----------------------------------------------------------
1/1 Testing: vec2fTests.vec2ValueTest
1/1 Test: vec2fTests.vec2ValueTest
Command: "/home/jesper/dev/cpp/dynamic-shadows-lib/build/tests/test_main" "--gtest_filter=vec2fTests.vec2ValueTest" "--gtest_also_run_disabled_tests"
Directory: /home/jesper/dev/cpp/dynamic-shadows-lib/build/tests
"vec2fTests.vec2ValueTest" start time: Mar 31 14:57 CEST
Output:
----------------------------------------------------------
Note: Google Test filter = vec2fTests.vec2ValueTest
[==========] Running 1 test from 1 test suite.
[----------] Global test environment set-up.
[----------] 1 test from vec2fTests
[ RUN      ] vec2fTests.vec2ValueTest
[       OK ] vec2fTests.vec2ValueTest (0 ms)
[----------] 1 test from vec2fTests (0 ms total)

[----------] Global test environment tear-down
[==========] 1 test from 1 test suite ran. (0 ms total)
[  PASSED  ] 1 test.
<end of output>
Test time =   0.00 sec
----------------------------------------------------------
Test Passed.
"vec2fTests.vec2ValueTest" end time: Mar 31 14:57 CEST
"vec2fTests.vec2ValueTest" time elapsed: 00:00:00
----------------------------------------------------------

End testing: Mar 31 14:57 CEST
