<?xml version="1.0" encoding="UTF-8"?>
<Site BuildName="(empty)"
	BuildStamp="20220331-1256-Experimental"
	Name="(empty)"
	Generator="ctest-3.16.3"
	CompilerName=""
	CompilerVersion=""
	OSName="Linux"
	Hostname="jesper-T460"
	OSRelease="5.4.0-105-generic"
	OSVersion="#119-Ubuntu SMP Mon Mar 7 18:49:24 UTC 2022"
	OSPlatform="x86_64"
	Is64Bits="1"
	VendorString="GenuineIntel"
	VendorID="Intel Corporation"
	FamilyID="6"
	ModelID="78"
	ProcessorCacheSize="4096"
	NumberOfLogicalCPU="4"
	NumberOfPhysicalCPU="2"
	TotalVirtualMemory="2047"
	TotalPhysicalMemory="15862"
	LogicalProcessorsPerPhysical="2"
	ProcessorClockFrequency="2508.03"
	>
	<Testing>
		<StartDateTime>Mar 31 17:06 CEST</StartDateTime>
		<StartTestTime>1648739214</StartTestTime>
		<TestList>
			<Test>./tests/vec2fTests.DistanceTest</Test>
			<Test>./tests/vec2fTests.AdditionTest</Test>
			<Test>./tests/vec2fTests.SubtractionTest</Test>
			<Test>./tests/vec2fTests.EqualOperatorTest</Test>
			<Test>./tests/vec2fTests.ScalarMultiplicationTest</Test>
			<Test>./tests/vec2fTests.DotProductTest</Test>
			<Test>./tests/vec2fTests.ScalarDivisionTest</Test>
		</TestList>
		<Test Status="passed">
			<Name>vec2fTests.DistanceTest</Name>
			<Path>./tests</Path>
			<FullName>./tests/vec2fTests.DistanceTest</FullName>
			<FullCommandLine>/home/jesper/dev/cpp/dynamic-shadows-lib/build/tests/test_main "--gtest_filter=vec2fTests.DistanceTest" "--gtest_also_run_disabled_tests"</FullCommandLine>
			<Results>
				<NamedMeasurement type="numeric/double" name="Execution Time">
					<Value>0.00914644</Value>
				</NamedMeasurement>
				<NamedMeasurement type="numeric/double" name="Processors">
					<Value>1</Value>
				</NamedMeasurement>
				<NamedMeasurement type="text/string" name="Completion Status">
					<Value>Completed</Value>
				</NamedMeasurement>
				<NamedMeasurement type="text/string" name="Command Line">
					<Value>/home/jesper/dev/cpp/dynamic-shadows-lib/build/tests/test_main "--gtest_filter=vec2fTests.DistanceTest" "--gtest_also_run_disabled_tests"</Value>
				</NamedMeasurement>
				<Measurement>
					<Value encoding="base64" compression="gzip">eJyNkDEPgjAQhff+ihtlgKijCYOJxsEEDehEGKqepEm5mvbAvy/QiGJC4pva69d79y4xjCvYGVNqhBM6hrvSjBZiaPC6vHclF22UY0lX7G4ijwcVkNZEikpYAPefraneZ1crxkjk4aACdtpcpPbvSI2yhiqklkUO68cP/N3zM4zIIT0n0KuYHtIDcNhPQzCbQ+WCf0w9CmxY6kD8l4lR2vBmnjTe2NSmwEqKxj5tiOM6y7abLqlnI/ECyOuGxQ==</Value>
				</Measurement>
			</Results>
		</Test>
		<Test Status="passed">
			<Name>vec2fTests.AdditionTest</Name>
			<Path>./tests</Path>
			<FullName>./tests/vec2fTests.AdditionTest</FullName>
			<FullCommandLine>/home/jesper/dev/cpp/dynamic-shadows-lib/build/tests/test_main "--gtest_filter=vec2fTests.AdditionTest" "--gtest_also_run_disabled_tests"</FullCommandLine>
			<Results>
				<NamedMeasurement type="numeric/double" name="Execution Time">
					<Value>0.00926027</Value>
				</NamedMeasurement>
				<NamedMeasurement type="numeric/double" name="Processors">
					<Value>1</Value>
				</NamedMeasurement>
				<NamedMeasurement type="text/string" name="Completion Status">
					<Value>Completed</Value>
				</NamedMeasurement>
				<NamedMeasurement type="text/string" name="Command Line">
					<Value>/home/jesper/dev/cpp/dynamic-shadows-lib/build/tests/test_main "--gtest_filter=vec2fTests.AdditionTest" "--gtest_also_run_disabled_tests"</Value>
				</NamedMeasurement>
				<Measurement>
					<Value encoding="base64" compression="gzip">eJyNkE8LgkAQxe/7KeaYB6U6Bh6CokNQoXUSD5ZjLKwzsY729VOX7A8IvtPu7G/nzZsDC65gx3w3CGesBAptBC2E0OBtWXSlKljnuRbN1N1UEg5KIaqJNN1hAdJ/tly+z1WtBQOV+INS2Bm+Zsa9IzXaMpVILYvi148/+LvnZxiVQHQ5QK90fEgHwHE/DsFsDmXlTTF1KAhLZjw1LZNgZv2cn/S7sbFNgc0o+PVpQ5zWcbzddEkdG6gXyr6GyA==</Value>
				</Measurement>
			</Results>
		</Test>
		<Test Status="passed">
			<Name>vec2fTests.SubtractionTest</Name>
			<Path>./tests</Path>
			<FullName>./tests/vec2fTests.SubtractionTest</FullName>
			<FullCommandLine>/home/jesper/dev/cpp/dynamic-shadows-lib/build/tests/test_main "--gtest_filter=vec2fTests.SubtractionTest" "--gtest_also_run_disabled_tests"</FullCommandLine>
			<Results>
				<NamedMeasurement type="numeric/double" name="Execution Time">
					<Value>0.00825964</Value>
				</NamedMeasurement>
				<NamedMeasurement type="numeric/double" name="Processors">
					<Value>1</Value>
				</NamedMeasurement>
				<NamedMeasurement type="text/string" name="Completion Status">
					<Value>Completed</Value>
				</NamedMeasurement>
				<NamedMeasurement type="text/string" name="Command Line">
					<Value>/home/jesper/dev/cpp/dynamic-shadows-lib/build/tests/test_main "--gtest_filter=vec2fTests.SubtractionTest" "--gtest_also_run_disabled_tests"</Value>
				</NamedMeasurement>
				<Measurement>
					<Value encoding="base64" compression="gzip">eJyNkD0LwkAMhvf7FRl1aFFHwUFQOghVrE6lw1nTcnBN5JrWv2/rYf0AxXcKyZOPNzELziFiLi3CAWuBwlhBBwtoMZ8VfaoOk+YkTudimPqESheDMtg3RIZKmILc+x1Xj7hujGCo0mBQBpHlk7a+jtQax1QhdSxK0Fw+4NeZz3tUCvtjDHdlP+/0DGw3PzkYTaCqx/+s9igIi7Zj9Z8zQe2CM1/p/W/f/gVOU/i+p/OxWybJetX79Wyobhtziu4=</Value>
				</Measurement>
			</Results>
		</Test>
		<Test Status="passed">
			<Name>vec2fTests.EqualOperatorTest</Name>
			<Path>./tests</Path>
			<FullName>./tests/vec2fTests.EqualOperatorTest</FullName>
			<FullCommandLine>/home/jesper/dev/cpp/dynamic-shadows-lib/build/tests/test_main "--gtest_filter=vec2fTests.EqualOperatorTest" "--gtest_also_run_disabled_tests"</FullCommandLine>
			<Results>
				<NamedMeasurement type="numeric/double" name="Execution Time">
					<Value>0.00687807</Value>
				</NamedMeasurement>
				<NamedMeasurement type="numeric/double" name="Processors">
					<Value>1</Value>
				</NamedMeasurement>
				<NamedMeasurement type="text/string" name="Completion Status">
					<Value>Completed</Value>
				</NamedMeasurement>
				<NamedMeasurement type="text/string" name="Command Line">
					<Value>/home/jesper/dev/cpp/dynamic-shadows-lib/build/tests/test_main "--gtest_filter=vec2fTests.EqualOperatorTest" "--gtest_also_run_disabled_tests"</Value>
				</NamedMeasurement>
				<Measurement>
					<Value encoding="base64" compression="gzip">eJyNkD8PgkAMxff7FB1lgKijCYOJhMFEDOhEGE4thuS44lHw68ufiGJi4E1N+0v7Xg/EuAGf6K4QTlgypJliNOBCjdd12rZKx3tUUgUFGslk2paI3UEJhJXWmb7DCrjbYCh/12WVMToitgcl4Cu6SNXPUdeZIZ2jblhkuyp+4O+dH0cihvB8gE7JhNOegmA/QcJiCXlpzTnfo8DEUlliXjpGaewbPfX4d/9+BkZqZ3ynSXLcRpG3azP3rCNes4eNEA==</Value>
				</Measurement>
			</Results>
		</Test>
		<Test Status="passed">
			<Name>vec2fTests.ScalarMultiplicationTest</Name>
			<Path>./tests</Path>
			<FullName>./tests/vec2fTests.ScalarMultiplicationTest</FullName>
			<FullCommandLine>/home/jesper/dev/cpp/dynamic-shadows-lib/build/tests/test_main "--gtest_filter=vec2fTests.ScalarMultiplicationTest" "--gtest_also_run_disabled_tests"</FullCommandLine>
			<Results>
				<NamedMeasurement type="numeric/double" name="Execution Time">
					<Value>0.00540001</Value>
				</NamedMeasurement>
				<NamedMeasurement type="numeric/double" name="Processors">
					<Value>1</Value>
				</NamedMeasurement>
				<NamedMeasurement type="text/string" name="Completion Status">
					<Value>Completed</Value>
				</NamedMeasurement>
				<NamedMeasurement type="text/string" name="Command Line">
					<Value>/home/jesper/dev/cpp/dynamic-shadows-lib/build/tests/test_main "--gtest_filter=vec2fTests.ScalarMultiplicationTest" "--gtest_also_run_disabled_tests"</Value>
				</NamedMeasurement>
				<Measurement>
					<Value encoding="base64" compression="gzip">eJyNkD8LwkAMxff7FBnt0EMdBQdBcRCrtDqVDmeNcnBNyjXVr6/18C8IfdOR/JJ7eQkLTmDJfHYIO2wETtYJepjCBcvxqSs1OiuNM37dOrG1s6URy9R1VD59qYC0JbJ0hhHIY5Hn6vluWiuoVR6/VMDS8cG40Ee6WM9UId1ZlLitf+DPnW9jKod0n8BDRT/DAYbNqt8ADIZQNVEfMwEFYTEuUv1uFTQ+PvKVvpP8lyB4Q/r7n/tB21mWLeZdAoHV6gYACpWw====</Value>
				</Measurement>
			</Results>
		</Test>
		<Test Status="passed">
			<Name>vec2fTests.DotProductTest</Name>
			<Path>./tests</Path>
			<FullName>./tests/vec2fTests.DotProductTest</FullName>
			<FullCommandLine>/home/jesper/dev/cpp/dynamic-shadows-lib/build/tests/test_main "--gtest_filter=vec2fTests.DotProductTest" "--gtest_also_run_disabled_tests"</FullCommandLine>
			<Results>
				<NamedMeasurement type="numeric/double" name="Execution Time">
					<Value>0.00417543</Value>
				</NamedMeasurement>
				<NamedMeasurement type="numeric/double" name="Processors">
					<Value>1</Value>
				</NamedMeasurement>
				<NamedMeasurement type="text/string" name="Completion Status">
					<Value>Completed</Value>
				</NamedMeasurement>
				<NamedMeasurement type="text/string" name="Command Line">
					<Value>/home/jesper/dev/cpp/dynamic-shadows-lib/build/tests/test_main "--gtest_filter=vec2fTests.DotProductTest" "--gtest_also_run_disabled_tests"</Value>
				</NamedMeasurement>
				<Measurement>
					<Value encoding="base64" compression="gzip">eJyNkE8LgkAQxe/7KeaYB6U6Bh4Cw0NgonUSD6ajCOtOrKN9/fxDlkHiO+3O/nbevPGI8QAuUSERrlgz5KVk1GBDi+k+70u15RD7mrIm5f4uIntSDEGjVKkK2AEP3zVV73PdlIyWiMxJMbiS7okc31G1pSZVoepYZLN5/MDfPT/jiAiCmweD4qUxRwQu5yUMNluoamON8YgCEyfSEOtyMSbazOip5lv7ty3QibLmPl0M/xiGJ6dPO7KWeAHIbYlc====</Value>
				</Measurement>
			</Results>
		</Test>
		<Test Status="passed">
			<Name>vec2fTests.ScalarDivisionTest</Name>
			<Path>./tests</Path>
			<FullName>./tests/vec2fTests.ScalarDivisionTest</FullName>
			<FullCommandLine>/home/jesper/dev/cpp/dynamic-shadows-lib/build/tests/test_main "--gtest_filter=vec2fTests.ScalarDivisionTest" "--gtest_also_run_disabled_tests"</FullCommandLine>
			<Results>
				<NamedMeasurement type="numeric/double" name="Execution Time">
					<Value>0.00344547</Value>
				</NamedMeasurement>
				<NamedMeasurement type="numeric/double" name="Processors">
					<Value>1</Value>
				</NamedMeasurement>
				<NamedMeasurement type="text/string" name="Completion Status">
					<Value>Completed</Value>
				</NamedMeasurement>
				<NamedMeasurement type="text/string" name="Command Line">
					<Value>/home/jesper/dev/cpp/dynamic-shadows-lib/build/tests/test_main "--gtest_filter=vec2fTests.ScalarDivisionTest" "--gtest_also_run_disabled_tests"</Value>
				</NamedMeasurement>
				<Measurement>
					<Value encoding="base64" compression="gzip">eJyNkD8LwkAMxff7FBl1aFFHwUFQOggqrU6lw1nTcnBN5C6tX9/WYv0Dom8KyY/kvWxZcA4Rc2kRDugFCmMFHSygwXxWdC0fJrm22q1MY7xh6noqXQzKIK6JDJUwBbmvcFw9al8bwVClwaAMIssnbfs5UmMcU4XUsihBffmAX3c+LakU4uMW7sp+We0x2G1+oTCaQOXH/xjoURAWbcfqv3yC2gVnvtL79759DZym8P1OG2W/TJL1qkvds6G6AXepjhU=</Value>
				</Measurement>
			</Results>
		</Test>
		<EndDateTime>Mar 31 17:06 CEST</EndDateTime>
		<EndTestTime>1648739214</EndTestTime>
		<ElapsedMinutes>0</ElapsedMinutes>
	</Testing>
</Site>
